<?xml version="1.0" encoding="UTF-8"?>
<testng-results skipped="0" failed="0" ignored="0" total="0" passed="0">
  <reporter-output>
  </reporter-output>
  <suite name="com.emirates.ek.CucumberTest" duration-ms="6" started-at="2018-12-13T15:55:56Z" finished-at="2018-12-13T15:55:56Z">
    <groups>
    </groups>
    <test name="Command line test" duration-ms="6" started-at="2018-12-13T15:55:56Z" finished-at="2018-12-13T15:55:56Z">
    </test> <!-- Command line test -->
  </suite> <!-- com.emirates.ek.CucumberTest -->
</testng-results>
